<?xml version="1.0" encoding="UTF-8"?>
<!-- Generated by org.testng.reporters.JUnitXMLReporter -->
<testsuite hostname="SYB-LP-TEST-010" name="Test" tests="9" failures="0" timestamp="26 Mar 2019 11:21:33 GMT" time="227.861" errors="0">
  <testcase name="@BeforeClass EntityLogin" time="0.0" classname="com.test.EntityManagement">
    <failure type="org.openqa.selenium.NoSuchElementException" message="Unable to locate element: //form/input
For documentation on this error, please visit: http://seleniumhq.org/exceptions/no_such_element.html
Build info: version: &amp;apos;unknown&amp;apos;, revision: &amp;apos;unknown&amp;apos;, time: &amp;apos;unknown&amp;apos;
System info: host: &amp;apos;SYB-LP-TEST-010&amp;apos;, ip: &amp;apos;192.168.1.24&amp;apos;, os.name: &amp;apos;Windows 7&amp;apos;, os.arch: &amp;apos;amd64&amp;apos;, os.version: &amp;apos;6.1&amp;apos;, java.version: &amp;apos;1.8.0_144&amp;apos;
Driver info: org.openqa.selenium.firefox.FirefoxDriver
Capabilities [{moz:profile=C:\Users\MATHIV~1\AppData\Local\Temp\rust_mozprofile.n9Y22Y8dooEB, rotatable=false, timeouts={implicit=0.0, pageLoad=300000.0, script=30000.0}, pageLoadStrategy=normal, platform=ANY, specificationLevel=0.0, moz:accessibilityChecks=false, acceptInsecureCerts=false, browserVersion=53.0, platformVersion=6.1, moz:processID=7392.0, browserName=firefox, javascriptEnabled=true, platformName=windows_nt}]
Session ID: b358969d-0eeb-48f8-8b41-3a4aa57c2809
*** Element info: {Using=xpath, value=//form/input}">
      <![CDATA[org.openqa.selenium.NoSuchElementException: Unable to locate element: //form/input
For documentation on this error, please visit: http://seleniumhq.org/exceptions/no_such_element.html
Build info: version: 'unknown', revision: 'unknown', time: 'unknown'
System info: host: 'SYB-LP-TEST-010', ip: '192.168.1.24', os.name: 'Windows 7', os.arch: 'amd64', os.version: '6.1', java.version: '1.8.0_144'
Driver info: org.openqa.selenium.firefox.FirefoxDriver
Capabilities [{moz:profile=C:\Users\MATHIV~1\AppData\Local\Temp\rust_mozprofile.n9Y22Y8dooEB, rotatable=false, timeouts={implicit=0.0, pageLoad=300000.0, script=30000.0}, pageLoadStrategy=normal, platform=ANY, specificationLevel=0.0, moz:accessibilityChecks=false, acceptInsecureCerts=false, browserVersion=53.0, platformVersion=6.1, moz:processID=7392.0, browserName=firefox, javascriptEnabled=true, platformName=windows_nt}]
Session ID: b358969d-0eeb-48f8-8b41-3a4aa57c2809
*** Element info: {Using=xpath, value=//form/input}
	at org.openqa.selenium.remote.http.W3CHttpResponseCodec.createException(W3CHttpResponseCodec.java:185)
	at org.openqa.selenium.remote.http.W3CHttpResponseCodec.decode(W3CHttpResponseCodec.java:120)
	at org.openqa.selenium.remote.http.W3CHttpResponseCodec.decode(W3CHttpResponseCodec.java:49)
	at org.openqa.selenium.remote.HttpCommandExecutor.execute(HttpCommandExecutor.java:164)
	at org.openqa.selenium.remote.service.DriverCommandExecutor.execute(DriverCommandExecutor.java:82)
	at org.openqa.selenium.remote.RemoteWebDriver.execute(RemoteWebDriver.java:641)
	at org.openqa.selenium.remote.RemoteWebDriver.findElement(RemoteWebDriver.java:414)
	at org.openqa.selenium.remote.RemoteWebDriver.findElementByXPath(RemoteWebDriver.java:513)
	at org.openqa.selenium.By$ByXPath.findElement(By.java:361)
	at org.openqa.selenium.remote.RemoteWebDriver.findElement(RemoteWebDriver.java:406)
	at com.test.WrapperClass.assertTextXpath(WrapperClass.java:1205)
	at com.test.EntityManagement.EntityLogin(EntityManagement.java:30)
... Removed 28 stack frames]]>
    </failure>
  </testcase> <!-- @BeforeClass EntityLogin -->
  <testcase name="@AfterClass EntityLogout" time="0.0" classname="com.test.EntityManagement">
    <skipped/>
  </testcase> <!-- @AfterClass EntityLogout -->
  <testcase name="@BeforeClass AssetLogin" time="0.0" classname="com.test.AddAsset">
    <failure type="org.openqa.selenium.WebDriverException" message="Failed to decode response from marionette
Build info: version: &amp;apos;unknown&amp;apos;, revision: &amp;apos;unknown&amp;apos;, time: &amp;apos;unknown&amp;apos;
System info: host: &amp;apos;SYB-LP-TEST-010&amp;apos;, ip: &amp;apos;192.168.1.24&amp;apos;, os.name: &amp;apos;Windows 7&amp;apos;, os.arch: &amp;apos;amd64&amp;apos;, os.version: &amp;apos;6.1&amp;apos;, java.version: &amp;apos;1.8.0_144&amp;apos;
Driver info: org.openqa.selenium.firefox.FirefoxDriver
Capabilities [{moz:profile=C:\Users\MATHIV~1\AppData\Local\Temp\rust_mozprofile.rLUjDooeNeFo, rotatable=false, timeouts={implicit=0.0, pageLoad=300000.0, script=30000.0}, pageLoadStrategy=normal, platform=ANY, specificationLevel=0.0, moz:accessibilityChecks=false, acceptInsecureCerts=false, browserVersion=53.0, platformVersion=6.1, moz:processID=4476.0, browserName=firefox, javascriptEnabled=true, platformName=windows_nt}]
Session ID: 90e8a7a6-0c76-49ba-8a52-2efadd3ff81c
*** Element info: {Using=xpath, value=html/body/div[1]/div[1]/form/div[2]/div/section[1]/input[1]}">
      <![CDATA[org.openqa.selenium.WebDriverException: Failed to decode response from marionette
Build info: version: 'unknown', revision: 'unknown', time: 'unknown'
System info: host: 'SYB-LP-TEST-010', ip: '192.168.1.24', os.name: 'Windows 7', os.arch: 'amd64', os.version: '6.1', java.version: '1.8.0_144'
Driver info: org.openqa.selenium.firefox.FirefoxDriver
Capabilities [{moz:profile=C:\Users\MATHIV~1\AppData\Local\Temp\rust_mozprofile.rLUjDooeNeFo, rotatable=false, timeouts={implicit=0.0, pageLoad=300000.0, script=30000.0}, pageLoadStrategy=normal, platform=ANY, specificationLevel=0.0, moz:accessibilityChecks=false, acceptInsecureCerts=false, browserVersion=53.0, platformVersion=6.1, moz:processID=4476.0, browserName=firefox, javascriptEnabled=true, platformName=windows_nt}]
Session ID: 90e8a7a6-0c76-49ba-8a52-2efadd3ff81c
*** Element info: {Using=xpath, value=html/body/div[1]/div[1]/form/div[2]/div/section[1]/input[1]}
	at org.openqa.selenium.remote.http.W3CHttpResponseCodec.createException(W3CHttpResponseCodec.java:185)
	at org.openqa.selenium.remote.http.W3CHttpResponseCodec.decode(W3CHttpResponseCodec.java:120)
	at org.openqa.selenium.remote.http.W3CHttpResponseCodec.decode(W3CHttpResponseCodec.java:49)
	at org.openqa.selenium.remote.HttpCommandExecutor.execute(HttpCommandExecutor.java:164)
	at org.openqa.selenium.remote.service.DriverCommandExecutor.execute(DriverCommandExecutor.java:82)
	at org.openqa.selenium.remote.RemoteWebDriver.execute(RemoteWebDriver.java:641)
	at org.openqa.selenium.remote.RemoteWebDriver.findElement(RemoteWebDriver.java:414)
	at org.openqa.selenium.remote.RemoteWebDriver.findElementByXPath(RemoteWebDriver.java:513)
	at org.openqa.selenium.By$ByXPath.findElement(By.java:361)
	at org.openqa.selenium.remote.RemoteWebDriver.findElement(RemoteWebDriver.java:406)
	at com.test.WrapperClass.assertTextXpath(WrapperClass.java:1205)
	at com.test.AddAsset.AssetLogin(AddAsset.java:32)
... Removed 28 stack frames]]>
    </failure>
  </testcase> <!-- @BeforeClass AssetLogin -->
  <testcase name="@AfterClass AssetLogout" time="0.0" classname="com.test.AddAsset">
    <skipped/>
  </testcase> <!-- @AfterClass AssetLogout -->
  <testcase name="@BeforeClass RiskLogin" time="0.0" classname="com.test.RiskDetermination">
    <failure type="org.openqa.selenium.WebDriverException" message="Failed to decode response from marionette
Build info: version: &amp;apos;unknown&amp;apos;, revision: &amp;apos;unknown&amp;apos;, time: &amp;apos;unknown&amp;apos;
System info: host: &amp;apos;SYB-LP-TEST-010&amp;apos;, ip: &amp;apos;192.168.1.24&amp;apos;, os.name: &amp;apos;Windows 7&amp;apos;, os.arch: &amp;apos;amd64&amp;apos;, os.version: &amp;apos;6.1&amp;apos;, java.version: &amp;apos;1.8.0_144&amp;apos;
Driver info: org.openqa.selenium.firefox.FirefoxDriver
Capabilities [{moz:profile=C:\Users\MATHIV~1\AppData\Local\Temp\rust_mozprofile.BWENZVgCQf6Z, rotatable=false, timeouts={implicit=0.0, pageLoad=300000.0, script=30000.0}, pageLoadStrategy=normal, platform=ANY, specificationLevel=0.0, moz:accessibilityChecks=false, acceptInsecureCerts=false, browserVersion=53.0, platformVersion=6.1, moz:processID=10732.0, browserName=firefox, javascriptEnabled=true, platformName=windows_nt}]
Session ID: b88e7fcc-d520-4458-a5b0-72790341d742
*** Element info: {Using=xpath, value=//form/input}">
      <![CDATA[org.openqa.selenium.WebDriverException: Failed to decode response from marionette
Build info: version: 'unknown', revision: 'unknown', time: 'unknown'
System info: host: 'SYB-LP-TEST-010', ip: '192.168.1.24', os.name: 'Windows 7', os.arch: 'amd64', os.version: '6.1', java.version: '1.8.0_144'
Driver info: org.openqa.selenium.firefox.FirefoxDriver
Capabilities [{moz:profile=C:\Users\MATHIV~1\AppData\Local\Temp\rust_mozprofile.BWENZVgCQf6Z, rotatable=false, timeouts={implicit=0.0, pageLoad=300000.0, script=30000.0}, pageLoadStrategy=normal, platform=ANY, specificationLevel=0.0, moz:accessibilityChecks=false, acceptInsecureCerts=false, browserVersion=53.0, platformVersion=6.1, moz:processID=10732.0, browserName=firefox, javascriptEnabled=true, platformName=windows_nt}]
Session ID: b88e7fcc-d520-4458-a5b0-72790341d742
*** Element info: {Using=xpath, value=//form/input}
	at org.openqa.selenium.remote.http.W3CHttpResponseCodec.createException(W3CHttpResponseCodec.java:185)
	at org.openqa.selenium.remote.http.W3CHttpResponseCodec.decode(W3CHttpResponseCodec.java:120)
	at org.openqa.selenium.remote.http.W3CHttpResponseCodec.decode(W3CHttpResponseCodec.java:49)
	at org.openqa.selenium.remote.HttpCommandExecutor.execute(HttpCommandExecutor.java:164)
	at org.openqa.selenium.remote.service.DriverCommandExecutor.execute(DriverCommandExecutor.java:82)
	at org.openqa.selenium.remote.RemoteWebDriver.execute(RemoteWebDriver.java:641)
	at org.openqa.selenium.remote.RemoteWebDriver.findElement(RemoteWebDriver.java:414)
	at org.openqa.selenium.remote.RemoteWebDriver.findElementByXPath(RemoteWebDriver.java:513)
	at org.openqa.selenium.By$ByXPath.findElement(By.java:361)
	at org.openqa.selenium.remote.RemoteWebDriver.findElement(RemoteWebDriver.java:406)
	at com.test.WrapperClass.assertTextXpath(WrapperClass.java:1205)
	at com.test.RiskDetermination.RiskLogin(RiskDetermination.java:34)
... Removed 28 stack frames]]>
    </failure>
  </testcase> <!-- @BeforeClass RiskLogin -->
  <testcase name="@AfterClass RiskLogout" time="0.0" classname="com.test.RiskDetermination">
    <skipped/>
  </testcase> <!-- @AfterClass RiskLogout -->
  <testcase name="EntityList" time="0.002" classname="com.test.EntityManagement">
    <skipped/>
  </testcase> <!-- EntityList -->
  <testcase name="EntityTags" time="0.002" classname="com.test.EntityManagement">
    <skipped/>
  </testcase> <!-- EntityTags -->
  <testcase name="SelectEntityFromHeader" time="0.002" classname="com.test.EntityManagement">
    <skipped/>
  </testcase> <!-- SelectEntityFromHeader -->
  <testcase name="FirstAsset" time="0.002" classname="com.test.AddAsset">
    <skipped/>
  </testcase> <!-- FirstAsset -->
  <testcase name="NewAddAsset" time="0.003" classname="com.test.AddAsset">
    <skipped/>
  </testcase> <!-- NewAddAsset -->
  <testcase name="EditAsset" time="0.004" classname="com.test.AddAsset">
    <skipped/>
  </testcase> <!-- EditAsset -->
  <testcase name="MediaAssetGroups" time="0.002" classname="com.test.AddAsset">
    <skipped/>
  </testcase> <!-- MediaAssetGroups -->
  <testcase name="RQLBackUp" time="0.001" classname="com.test.RiskDetermination">
    <skipped/>
  </testcase> <!-- RQLBackUp -->
  <testcase name="RQLPager" time="0.001" classname="com.test.RiskDetermination">
    <skipped/>
  </testcase> <!-- RQLPager -->
</testsuite> <!-- Test -->
