<?xml version="1.0" encoding="UTF-8"?>
<testng-results skipped="9" failed="0" total="9" passed="0">
  <reporter-output>
    <line>
      <![CDATA[Broser Launched successfully | <br>]]>
    </line>
    <line>
      <![CDATA[Broser Launched successfully | <br>]]>
    </line>
    <line>
      <![CDATA[Broser Launched successfully | <br>]]>
    </line>
  </reporter-output>
  <suite name="Suite" duration-ms="227861" started-at="2019-03-26T11:17:45Z" finished-at="2019-03-26T11:21:33Z">
    <groups>
    </groups>
    <test name="Test" duration-ms="227861" started-at="2019-03-26T11:17:45Z" finished-at="2019-03-26T11:21:33Z">
      <class name="com.test.AddAsset">
        <test-method status="FAIL" signature="AssetLogin()[pri:0, instance:com.test.AddAsset@724af044]" name="AssetLogin" is-config="true" duration-ms="0" started-at="2019-03-26T16:50:01Z" finished-at="2019-03-26T16:50:01Z">
          <exception class="org.openqa.selenium.WebDriverException">
            <message>
              <![CDATA[Failed to decode response from marionette
Build info: version: 'unknown', revision: 'unknown', time: 'unknown'
System info: host: 'SYB-LP-TEST-010', ip: '192.168.1.24', os.name: 'Windows 7', os.arch: 'amd64', os.version: '6.1', java.version: '1.8.0_144'
Driver info: org.openqa.selenium.firefox.FirefoxDriver
Capabilities [{moz:profile=C:\Users\MATHIV~1\AppData\Local\Temp\rust_mozprofile.rLUjDooeNeFo, rotatable=false, timeouts={implicit=0.0, pageLoad=300000.0, script=30000.0}, pageLoadStrategy=normal, platform=ANY, specificationLevel=0.0, moz:accessibilityChecks=false, acceptInsecureCerts=false, browserVersion=53.0, platformVersion=6.1, moz:processID=4476.0, browserName=firefox, javascriptEnabled=true, platformName=windows_nt}]
Session ID: 90e8a7a6-0c76-49ba-8a52-2efadd3ff81c
*** Element info: {Using=xpath, value=html/body/div[1]/div[1]/form/div[2]/div/section[1]/input[1]}]]>
            </message>
            <full-stacktrace>
              <![CDATA[org.openqa.selenium.WebDriverException: Failed to decode response from marionette
Build info: version: 'unknown', revision: 'unknown', time: 'unknown'
System info: host: 'SYB-LP-TEST-010', ip: '192.168.1.24', os.name: 'Windows 7', os.arch: 'amd64', os.version: '6.1', java.version: '1.8.0_144'
Driver info: org.openqa.selenium.firefox.FirefoxDriver
Capabilities [{moz:profile=C:\Users\MATHIV~1\AppData\Local\Temp\rust_mozprofile.rLUjDooeNeFo, rotatable=false, timeouts={implicit=0.0, pageLoad=300000.0, script=30000.0}, pageLoadStrategy=normal, platform=ANY, specificationLevel=0.0, moz:accessibilityChecks=false, acceptInsecureCerts=false, browserVersion=53.0, platformVersion=6.1, moz:processID=4476.0, browserName=firefox, javascriptEnabled=true, platformName=windows_nt}]
Session ID: 90e8a7a6-0c76-49ba-8a52-2efadd3ff81c
*** Element info: {Using=xpath, value=html/body/div[1]/div[1]/form/div[2]/div/section[1]/input[1]}
	at sun.reflect.NativeConstructorAccessorImpl.newInstance0(Native Method)
	at sun.reflect.NativeConstructorAccessorImpl.newInstance(NativeConstructorAccessorImpl.java:62)
	at sun.reflect.DelegatingConstructorAccessorImpl.newInstance(DelegatingConstructorAccessorImpl.java:45)
	at java.lang.reflect.Constructor.newInstance(Constructor.java:423)
	at org.openqa.selenium.remote.http.W3CHttpResponseCodec.createException(W3CHttpResponseCodec.java:185)
	at org.openqa.selenium.remote.http.W3CHttpResponseCodec.decode(W3CHttpResponseCodec.java:120)
	at org.openqa.selenium.remote.http.W3CHttpResponseCodec.decode(W3CHttpResponseCodec.java:49)
	at org.openqa.selenium.remote.HttpCommandExecutor.execute(HttpCommandExecutor.java:164)
	at org.openqa.selenium.remote.service.DriverCommandExecutor.execute(DriverCommandExecutor.java:82)
	at org.openqa.selenium.remote.RemoteWebDriver.execute(RemoteWebDriver.java:641)
	at org.openqa.selenium.remote.RemoteWebDriver.findElement(RemoteWebDriver.java:414)
	at org.openqa.selenium.remote.RemoteWebDriver.findElementByXPath(RemoteWebDriver.java:513)
	at org.openqa.selenium.By$ByXPath.findElement(By.java:361)
	at org.openqa.selenium.remote.RemoteWebDriver.findElement(RemoteWebDriver.java:406)
	at com.test.WrapperClass.assertTextXpath(WrapperClass.java:1205)
	at com.test.AddAsset.AssetLogin(AddAsset.java:32)
	at sun.reflect.NativeMethodAccessorImpl.invoke0(Native Method)
	at sun.reflect.NativeMethodAccessorImpl.invoke(NativeMethodAccessorImpl.java:62)
	at sun.reflect.DelegatingMethodAccessorImpl.invoke(DelegatingMethodAccessorImpl.java:43)
	at java.lang.reflect.Method.invoke(Method.java:498)
	at org.testng.internal.MethodInvocationHelper.invokeMethod(MethodInvocationHelper.java:80)
	at org.testng.internal.Invoker.invokeConfigurationMethod(Invoker.java:564)
	at org.testng.internal.Invoker.invokeConfigurations(Invoker.java:213)
	at org.testng.internal.Invoker.invokeConfigurations(Invoker.java:138)
	at org.testng.internal.TestMethodWorker.invokeBeforeClassMethods(TestMethodWorker.java:175)
	at org.testng.internal.TestMethodWorker.run(TestMethodWorker.java:107)
	at org.testng.TestRunner.privateRun(TestRunner.java:767)
	at org.testng.TestRunner.run(TestRunner.java:617)
	at org.testng.SuiteRunner.runTest(SuiteRunner.java:334)
	at org.testng.SuiteRunner.runSequentially(SuiteRunner.java:329)
	at org.testng.SuiteRunner.privateRun(SuiteRunner.java:291)
	at org.testng.SuiteRunner.run(SuiteRunner.java:240)
	at org.testng.SuiteRunnerWorker.runSuite(SuiteRunnerWorker.java:51)
	at org.testng.SuiteRunnerWorker.run(SuiteRunnerWorker.java:85)
	at org.testng.TestNG.runSuitesSequentially(TestNG.java:1197)
	at org.testng.TestNG.runSuitesLocally(TestNG.java:1122)
	at org.testng.TestNG.run(TestNG.java:1030)
	at org.testng.remote.AbstractRemoteTestNG.run(AbstractRemoteTestNG.java:114)
	at org.testng.remote.RemoteTestNG.initAndRun(RemoteTestNG.java:251)
	at org.testng.remote.RemoteTestNG.main(RemoteTestNG.java:77)
]]>
            </full-stacktrace>
          </exception> <!-- org.openqa.selenium.WebDriverException -->
          <reporter-output>
            <line>
              <![CDATA[Broser Launched successfully | <br>]]>
            </line>
          </reporter-output>
        </test-method> <!-- AssetLogin -->
        <test-method status="SKIP" signature="FirstAsset()[pri:0, instance:com.test.AddAsset@724af044]" name="FirstAsset" duration-ms="2" started-at="2019-03-26T16:50:25Z" finished-at="2019-03-26T16:50:25Z">
          <reporter-output>
          </reporter-output>
        </test-method> <!-- FirstAsset -->
        <test-method status="SKIP" signature="NewAddAsset()[pri:0, instance:com.test.AddAsset@724af044]" name="NewAddAsset" duration-ms="3" started-at="2019-03-26T16:50:25Z" finished-at="2019-03-26T16:50:25Z">
          <reporter-output>
          </reporter-output>
        </test-method> <!-- NewAddAsset -->
        <test-method status="SKIP" signature="EditAsset()[pri:0, instance:com.test.AddAsset@724af044]" name="EditAsset" duration-ms="4" started-at="2019-03-26T16:50:25Z" finished-at="2019-03-26T16:50:25Z">
          <reporter-output>
          </reporter-output>
        </test-method> <!-- EditAsset -->
        <test-method status="SKIP" signature="MediaAssetGroups()[pri:0, instance:com.test.AddAsset@724af044]" name="MediaAssetGroups" duration-ms="2" started-at="2019-03-26T16:50:25Z" finished-at="2019-03-26T16:50:26Z">
          <reporter-output>
          </reporter-output>
        </test-method> <!-- MediaAssetGroups -->
        <test-method status="SKIP" signature="AssetLogout()[pri:0, instance:com.test.AddAsset@724af044]" name="AssetLogout" is-config="true" duration-ms="0" started-at="2019-03-26T16:50:26Z" finished-at="2019-03-26T16:50:26Z">
          <reporter-output>
          </reporter-output>
        </test-method> <!-- AssetLogout -->
      </class> <!-- com.test.AddAsset -->
      <class name="com.test.RiskDetermination">
        <test-method status="FAIL" signature="RiskLogin()[pri:0, instance:com.test.RiskDetermination@d8355a8]" name="RiskLogin" is-config="true" duration-ms="0" started-at="2019-03-26T16:50:26Z" finished-at="2019-03-26T16:50:26Z">
          <exception class="org.openqa.selenium.WebDriverException">
            <message>
              <![CDATA[Failed to decode response from marionette
Build info: version: 'unknown', revision: 'unknown', time: 'unknown'
System info: host: 'SYB-LP-TEST-010', ip: '192.168.1.24', os.name: 'Windows 7', os.arch: 'amd64', os.version: '6.1', java.version: '1.8.0_144'
Driver info: org.openqa.selenium.firefox.FirefoxDriver
Capabilities [{moz:profile=C:\Users\MATHIV~1\AppData\Local\Temp\rust_mozprofile.BWENZVgCQf6Z, rotatable=false, timeouts={implicit=0.0, pageLoad=300000.0, script=30000.0}, pageLoadStrategy=normal, platform=ANY, specificationLevel=0.0, moz:accessibilityChecks=false, acceptInsecureCerts=false, browserVersion=53.0, platformVersion=6.1, moz:processID=10732.0, browserName=firefox, javascriptEnabled=true, platformName=windows_nt}]
Session ID: b88e7fcc-d520-4458-a5b0-72790341d742
*** Element info: {Using=xpath, value=//form/input}]]>
            </message>
            <full-stacktrace>
              <![CDATA[org.openqa.selenium.WebDriverException: Failed to decode response from marionette
Build info: version: 'unknown', revision: 'unknown', time: 'unknown'
System info: host: 'SYB-LP-TEST-010', ip: '192.168.1.24', os.name: 'Windows 7', os.arch: 'amd64', os.version: '6.1', java.version: '1.8.0_144'
Driver info: org.openqa.selenium.firefox.FirefoxDriver
Capabilities [{moz:profile=C:\Users\MATHIV~1\AppData\Local\Temp\rust_mozprofile.BWENZVgCQf6Z, rotatable=false, timeouts={implicit=0.0, pageLoad=300000.0, script=30000.0}, pageLoadStrategy=normal, platform=ANY, specificationLevel=0.0, moz:accessibilityChecks=false, acceptInsecureCerts=false, browserVersion=53.0, platformVersion=6.1, moz:processID=10732.0, browserName=firefox, javascriptEnabled=true, platformName=windows_nt}]
Session ID: b88e7fcc-d520-4458-a5b0-72790341d742
*** Element info: {Using=xpath, value=//form/input}
	at sun.reflect.NativeConstructorAccessorImpl.newInstance0(Native Method)
	at sun.reflect.NativeConstructorAccessorImpl.newInstance(NativeConstructorAccessorImpl.java:62)
	at sun.reflect.DelegatingConstructorAccessorImpl.newInstance(DelegatingConstructorAccessorImpl.java:45)
	at java.lang.reflect.Constructor.newInstance(Constructor.java:423)
	at org.openqa.selenium.remote.http.W3CHttpResponseCodec.createException(W3CHttpResponseCodec.java:185)
	at org.openqa.selenium.remote.http.W3CHttpResponseCodec.decode(W3CHttpResponseCodec.java:120)
	at org.openqa.selenium.remote.http.W3CHttpResponseCodec.decode(W3CHttpResponseCodec.java:49)
	at org.openqa.selenium.remote.HttpCommandExecutor.execute(HttpCommandExecutor.java:164)
	at org.openqa.selenium.remote.service.DriverCommandExecutor.execute(DriverCommandExecutor.java:82)
	at org.openqa.selenium.remote.RemoteWebDriver.execute(RemoteWebDriver.java:641)
	at org.openqa.selenium.remote.RemoteWebDriver.findElement(RemoteWebDriver.java:414)
	at org.openqa.selenium.remote.RemoteWebDriver.findElementByXPath(RemoteWebDriver.java:513)
	at org.openqa.selenium.By$ByXPath.findElement(By.java:361)
	at org.openqa.selenium.remote.RemoteWebDriver.findElement(RemoteWebDriver.java:406)
	at com.test.WrapperClass.assertTextXpath(WrapperClass.java:1205)
	at com.test.RiskDetermination.RiskLogin(RiskDetermination.java:34)
	at sun.reflect.NativeMethodAccessorImpl.invoke0(Native Method)
	at sun.reflect.NativeMethodAccessorImpl.invoke(NativeMethodAccessorImpl.java:62)
	at sun.reflect.DelegatingMethodAccessorImpl.invoke(DelegatingMethodAccessorImpl.java:43)
	at java.lang.reflect.Method.invoke(Method.java:498)
	at org.testng.internal.MethodInvocationHelper.invokeMethod(MethodInvocationHelper.java:80)
	at org.testng.internal.Invoker.invokeConfigurationMethod(Invoker.java:564)
	at org.testng.internal.Invoker.invokeConfigurations(Invoker.java:213)
	at org.testng.internal.Invoker.invokeConfigurations(Invoker.java:138)
	at org.testng.internal.TestMethodWorker.invokeBeforeClassMethods(TestMethodWorker.java:175)
	at org.testng.internal.TestMethodWorker.run(TestMethodWorker.java:107)
	at org.testng.TestRunner.privateRun(TestRunner.java:767)
	at org.testng.TestRunner.run(TestRunner.java:617)
	at org.testng.SuiteRunner.runTest(SuiteRunner.java:334)
	at org.testng.SuiteRunner.runSequentially(SuiteRunner.java:329)
	at org.testng.SuiteRunner.privateRun(SuiteRunner.java:291)
	at org.testng.SuiteRunner.run(SuiteRunner.java:240)
	at org.testng.SuiteRunnerWorker.runSuite(SuiteRunnerWorker.java:51)
	at org.testng.SuiteRunnerWorker.run(SuiteRunnerWorker.java:85)
	at org.testng.TestNG.runSuitesSequentially(TestNG.java:1197)
	at org.testng.TestNG.runSuitesLocally(TestNG.java:1122)
	at org.testng.TestNG.run(TestNG.java:1030)
	at org.testng.remote.AbstractRemoteTestNG.run(AbstractRemoteTestNG.java:114)
	at org.testng.remote.RemoteTestNG.initAndRun(RemoteTestNG.java:251)
	at org.testng.remote.RemoteTestNG.main(RemoteTestNG.java:77)
]]>
            </full-stacktrace>
          </exception> <!-- org.openqa.selenium.WebDriverException -->
          <reporter-output>
            <line>
              <![CDATA[Broser Launched successfully | <br>]]>
            </line>
          </reporter-output>
        </test-method> <!-- RiskLogin -->
        <test-method status="SKIP" signature="RQLBackUp()[pri:0, instance:com.test.RiskDetermination@d8355a8]" name="RQLBackUp" duration-ms="1" started-at="2019-03-26T16:51:33Z" finished-at="2019-03-26T16:51:33Z">
          <reporter-output>
          </reporter-output>
        </test-method> <!-- RQLBackUp -->
        <test-method status="SKIP" signature="RQLPager()[pri:0, instance:com.test.RiskDetermination@d8355a8]" name="RQLPager" duration-ms="1" started-at="2019-03-26T16:51:33Z" finished-at="2019-03-26T16:51:33Z">
          <reporter-output>
          </reporter-output>
        </test-method> <!-- RQLPager -->
        <test-method status="SKIP" signature="RiskLogout()[pri:0, instance:com.test.RiskDetermination@d8355a8]" name="RiskLogout" is-config="true" duration-ms="0" started-at="2019-03-26T16:51:33Z" finished-at="2019-03-26T16:51:33Z">
          <reporter-output>
          </reporter-output>
        </test-method> <!-- RiskLogout -->
      </class> <!-- com.test.RiskDetermination -->
      <class name="com.test.EntityManagement">
        <test-method status="FAIL" signature="EntityLogin()[pri:0, instance:com.test.EntityManagement@46d56d67]" name="EntityLogin" is-config="true" duration-ms="0" started-at="2019-03-26T16:47:45Z" finished-at="2019-03-26T16:47:45Z">
          <exception class="org.openqa.selenium.NoSuchElementException">
            <message>
              <![CDATA[Unable to locate element: //form/input
For documentation on this error, please visit: http://seleniumhq.org/exceptions/no_such_element.html
Build info: version: 'unknown', revision: 'unknown', time: 'unknown'
System info: host: 'SYB-LP-TEST-010', ip: '192.168.1.24', os.name: 'Windows 7', os.arch: 'amd64', os.version: '6.1', java.version: '1.8.0_144'
Driver info: org.openqa.selenium.firefox.FirefoxDriver
Capabilities [{moz:profile=C:\Users\MATHIV~1\AppData\Local\Temp\rust_mozprofile.n9Y22Y8dooEB, rotatable=false, timeouts={implicit=0.0, pageLoad=300000.0, script=30000.0}, pageLoadStrategy=normal, platform=ANY, specificationLevel=0.0, moz:accessibilityChecks=false, acceptInsecureCerts=false, browserVersion=53.0, platformVersion=6.1, moz:processID=7392.0, browserName=firefox, javascriptEnabled=true, platformName=windows_nt}]
Session ID: b358969d-0eeb-48f8-8b41-3a4aa57c2809
*** Element info: {Using=xpath, value=//form/input}]]>
            </message>
            <full-stacktrace>
              <![CDATA[org.openqa.selenium.NoSuchElementException: Unable to locate element: //form/input
For documentation on this error, please visit: http://seleniumhq.org/exceptions/no_such_element.html
Build info: version: 'unknown', revision: 'unknown', time: 'unknown'
System info: host: 'SYB-LP-TEST-010', ip: '192.168.1.24', os.name: 'Windows 7', os.arch: 'amd64', os.version: '6.1', java.version: '1.8.0_144'
Driver info: org.openqa.selenium.firefox.FirefoxDriver
Capabilities [{moz:profile=C:\Users\MATHIV~1\AppData\Local\Temp\rust_mozprofile.n9Y22Y8dooEB, rotatable=false, timeouts={implicit=0.0, pageLoad=300000.0, script=30000.0}, pageLoadStrategy=normal, platform=ANY, specificationLevel=0.0, moz:accessibilityChecks=false, acceptInsecureCerts=false, browserVersion=53.0, platformVersion=6.1, moz:processID=7392.0, browserName=firefox, javascriptEnabled=true, platformName=windows_nt}]
Session ID: b358969d-0eeb-48f8-8b41-3a4aa57c2809
*** Element info: {Using=xpath, value=//form/input}
	at sun.reflect.NativeConstructorAccessorImpl.newInstance0(Native Method)
	at sun.reflect.NativeConstructorAccessorImpl.newInstance(NativeConstructorAccessorImpl.java:62)
	at sun.reflect.DelegatingConstructorAccessorImpl.newInstance(DelegatingConstructorAccessorImpl.java:45)
	at java.lang.reflect.Constructor.newInstance(Constructor.java:423)
	at org.openqa.selenium.remote.http.W3CHttpResponseCodec.createException(W3CHttpResponseCodec.java:185)
	at org.openqa.selenium.remote.http.W3CHttpResponseCodec.decode(W3CHttpResponseCodec.java:120)
	at org.openqa.selenium.remote.http.W3CHttpResponseCodec.decode(W3CHttpResponseCodec.java:49)
	at org.openqa.selenium.remote.HttpCommandExecutor.execute(HttpCommandExecutor.java:164)
	at org.openqa.selenium.remote.service.DriverCommandExecutor.execute(DriverCommandExecutor.java:82)
	at org.openqa.selenium.remote.RemoteWebDriver.execute(RemoteWebDriver.java:641)
	at org.openqa.selenium.remote.RemoteWebDriver.findElement(RemoteWebDriver.java:414)
	at org.openqa.selenium.remote.RemoteWebDriver.findElementByXPath(RemoteWebDriver.java:513)
	at org.openqa.selenium.By$ByXPath.findElement(By.java:361)
	at org.openqa.selenium.remote.RemoteWebDriver.findElement(RemoteWebDriver.java:406)
	at com.test.WrapperClass.assertTextXpath(WrapperClass.java:1205)
	at com.test.EntityManagement.EntityLogin(EntityManagement.java:30)
	at sun.reflect.NativeMethodAccessorImpl.invoke0(Native Method)
	at sun.reflect.NativeMethodAccessorImpl.invoke(NativeMethodAccessorImpl.java:62)
	at sun.reflect.DelegatingMethodAccessorImpl.invoke(DelegatingMethodAccessorImpl.java:43)
	at java.lang.reflect.Method.invoke(Method.java:498)
	at org.testng.internal.MethodInvocationHelper.invokeMethod(MethodInvocationHelper.java:80)
	at org.testng.internal.Invoker.invokeConfigurationMethod(Invoker.java:564)
	at org.testng.internal.Invoker.invokeConfigurations(Invoker.java:213)
	at org.testng.internal.Invoker.invokeConfigurations(Invoker.java:138)
	at org.testng.internal.TestMethodWorker.invokeBeforeClassMethods(TestMethodWorker.java:175)
	at org.testng.internal.TestMethodWorker.run(TestMethodWorker.java:107)
	at org.testng.TestRunner.privateRun(TestRunner.java:767)
	at org.testng.TestRunner.run(TestRunner.java:617)
	at org.testng.SuiteRunner.runTest(SuiteRunner.java:334)
	at org.testng.SuiteRunner.runSequentially(SuiteRunner.java:329)
	at org.testng.SuiteRunner.privateRun(SuiteRunner.java:291)
	at org.testng.SuiteRunner.run(SuiteRunner.java:240)
	at org.testng.SuiteRunnerWorker.runSuite(SuiteRunnerWorker.java:51)
	at org.testng.SuiteRunnerWorker.run(SuiteRunnerWorker.java:85)
	at org.testng.TestNG.runSuitesSequentially(TestNG.java:1197)
	at org.testng.TestNG.runSuitesLocally(TestNG.java:1122)
	at org.testng.TestNG.run(TestNG.java:1030)
	at org.testng.remote.AbstractRemoteTestNG.run(AbstractRemoteTestNG.java:114)
	at org.testng.remote.RemoteTestNG.initAndRun(RemoteTestNG.java:251)
	at org.testng.remote.RemoteTestNG.main(RemoteTestNG.java:77)
]]>
            </full-stacktrace>
          </exception> <!-- org.openqa.selenium.NoSuchElementException -->
          <reporter-output>
            <line>
              <![CDATA[Broser Launched successfully | <br>]]>
            </line>
          </reporter-output>
        </test-method> <!-- EntityLogin -->
        <test-method status="SKIP" signature="EntityList()[pri:0, instance:com.test.EntityManagement@46d56d67]" name="EntityList" duration-ms="2" started-at="2019-03-26T16:50:01Z" finished-at="2019-03-26T16:50:01Z">
          <reporter-output>
          </reporter-output>
        </test-method> <!-- EntityList -->
        <test-method status="SKIP" signature="EntityTags()[pri:0, instance:com.test.EntityManagement@46d56d67]" name="EntityTags" duration-ms="2" started-at="2019-03-26T16:50:01Z" finished-at="2019-03-26T16:50:01Z">
          <reporter-output>
          </reporter-output>
        </test-method> <!-- EntityTags -->
        <test-method status="SKIP" signature="SelectEntityFromHeader()[pri:0, instance:com.test.EntityManagement@46d56d67]" name="SelectEntityFromHeader" duration-ms="2" started-at="2019-03-26T16:50:01Z" finished-at="2019-03-26T16:50:01Z">
          <reporter-output>
          </reporter-output>
        </test-method> <!-- SelectEntityFromHeader -->
        <test-method status="SKIP" signature="EntityLogout()[pri:0, instance:com.test.EntityManagement@46d56d67]" name="EntityLogout" is-config="true" duration-ms="0" started-at="2019-03-26T16:50:01Z" finished-at="2019-03-26T16:50:01Z">
          <reporter-output>
          </reporter-output>
        </test-method> <!-- EntityLogout -->
      </class> <!-- com.test.EntityManagement -->
    </test> <!-- Test -->
  </suite> <!-- Suite -->
</testng-results>
